<?xml version="1.0" encoding="UTF-8"?>
<!-- Generated by org.testng.reporters.JUnitReportReporter -->
<testsuite hostname="Mintu-Yoga" failures="0" tests="4" name="com.login.Login" time="39.196" errors="0" timestamp="2025-08-31T21:11:37 IST" skipped="0">
  <testcase classname="com.login.Login" name="loginwithoutCreds" time="11.737"/>
  <testcase classname="com.login.Login" name="loginInvalidUsername" time="8.948"/>
  <testcase classname="com.login.Login" name="loginInvalidPassword" time="12.154"/>
  <testcase classname="com.login.Login" name="loginValidCreds" time="6.357"/>
</testsuite> <!-- com.login.Login -->
