<?xml version="1.0" encoding="UTF-8"?>
<!-- Generated by org.testng.reporters.JUnitReportReporter -->
<testsuite hostname="Mintu-Yoga" failures="0" tests="4" name="testCases.LoginTestCases" time="24.857" errors="0" timestamp="2025-09-05T22:25:49 IST" skipped="0">
  <testcase classname="testCases.LoginTestCases" name="validLogin" time="6.279"/>
  <testcase classname="testCases.LoginTestCases" name="invalidUsername" time="6.045"/>
  <testcase classname="testCases.LoginTestCases" name="invalidPassword" time="6.614"/>
  <testcase classname="testCases.LoginTestCases" name="blankCreds" time="5.919"/>
</testsuite> <!-- testCases.LoginTestCases -->
